===2021-12-22 23:49:42.395 INFO  com.tcloudsoft.auth.provider.AuthApplication Line:655 - The following profiles are active: dev
===2021-12-22 23:49:45.338 WARN  org.springframework.boot.actuate.endpoint.EndpointId Line:155 - Endpoint ID 'service-registry' contains invalid characters, please migrate to a valid format.
===2021-12-22 23:49:45.582 WARN  org.mybatis.spring.mapper.ClassPathMapperScanner Line:44  - Skipping MapperFactoryBean with name 'accountMapper' and 'com.tcloudsoft.auth.provider.mapper.AccountMapper' mapperInterface. Bean already defined with the same name!
===2021-12-22 23:49:45.582 WARN  org.mybatis.spring.mapper.ClassPathMapperScanner Line:44  - Skipping MapperFactoryBean with name 'deptInfoMapper' and 'com.tcloudsoft.auth.provider.mapper.DeptInfoMapper' mapperInterface. Bean already defined with the same name!
===2021-12-22 23:49:45.583 WARN  org.mybatis.spring.mapper.ClassPathMapperScanner Line:44  - Skipping MapperFactoryBean with name 'deptMapper' and 'com.tcloudsoft.auth.provider.mapper.DeptMapper' mapperInterface. Bean already defined with the same name!
===2021-12-22 23:49:45.584 WARN  org.mybatis.spring.mapper.ClassPathMapperScanner Line:44  - Skipping MapperFactoryBean with name 'logMapper' and 'com.tcloudsoft.auth.provider.mapper.LogMapper' mapperInterface. Bean already defined with the same name!
===2021-12-22 23:49:45.584 WARN  org.mybatis.spring.mapper.ClassPathMapperScanner Line:44  - Skipping MapperFactoryBean with name 'manageMapper' and 'com.tcloudsoft.auth.provider.mapper.ManageMapper' mapperInterface. Bean already defined with the same name!
===2021-12-22 23:49:45.584 WARN  org.mybatis.spring.mapper.ClassPathMapperScanner Line:44  - Skipping MapperFactoryBean with name 'openMapper' and 'com.tcloudsoft.auth.provider.mapper.OpenMapper' mapperInterface. Bean already defined with the same name!
===2021-12-22 23:49:45.585 WARN  org.mybatis.spring.mapper.ClassPathMapperScanner Line:44  - Skipping MapperFactoryBean with name 'personMapper' and 'com.tcloudsoft.auth.provider.mapper.PersonMapper' mapperInterface. Bean already defined with the same name!
===2021-12-22 23:49:45.585 WARN  org.mybatis.spring.mapper.ClassPathMapperScanner Line:44  - Skipping MapperFactoryBean with name 'regionMapper' and 'com.tcloudsoft.auth.provider.mapper.RegionMapper' mapperInterface. Bean already defined with the same name!
===2021-12-22 23:49:45.585 WARN  org.mybatis.spring.mapper.ClassPathMapperScanner Line:44  - Skipping MapperFactoryBean with name 'smsTemplateMapper' and 'com.tcloudsoft.auth.provider.mapper.SmsTemplateMapper' mapperInterface. Bean already defined with the same name!
===2021-12-22 23:49:45.586 WARN  org.mybatis.spring.mapper.ClassPathMapperScanner Line:44  - Skipping MapperFactoryBean with name 'wechatUserMapper' and 'com.tcloudsoft.auth.provider.mapper.WechatUserMapper' mapperInterface. Bean already defined with the same name!
===2021-12-22 23:49:45.586 WARN  org.mybatis.spring.mapper.ClassPathMapperScanner Line:44  - No MyBatis mapper was found in '[com.tcloudsoft.auth.provider.mapper]' package. Please check your configuration.
===2021-12-22 23:49:47.473 INFO  org.apache.coyote.http11.Http11NioProtocol Line:173 - Initializing ProtocolHandler ["http-nio-8001"]
===2021-12-22 23:49:47.475 INFO  org.apache.catalina.core.StandardService Line:173 - Starting service [Tomcat]
===2021-12-22 23:49:47.476 INFO  org.apache.catalina.core.StandardEngine Line:173 - Starting Servlet engine: [Apache Tomcat/9.0.34]
===2021-12-22 23:49:47.861 INFO  org.apache.catalina.core.ContainerBase.[Tomcat].[localhost].[/] Line:173 - Initializing Spring embedded WebApplicationContext
===2021-12-22 23:49:48.136 WARN  com.netflix.config.sources.URLConfigurationSource Line:121 - No URLs will be polled as dynamic configuration sources.
===2021-12-22 23:49:48.137 INFO  com.netflix.config.sources.URLConfigurationSource Line:122 - To enable URLs as dynamic configuration sources, define System property archaius.configurationSource.additionalUrls or make config.properties available on classpath.
===2021-12-22 23:49:48.156 INFO  com.netflix.config.DynamicPropertyFactory Line:281 - DynamicPropertyFactory is initialized with configuration sources: com.netflix.config.ConcurrentCompositeConfiguration@6004e9c0
===2021-12-22 23:49:51.989 INFO  com.sun.jersey.server.impl.application.WebApplicationImpl Line:815 - Initiating Jersey application, version 'Jersey: 1.19.1 03/11/2016 02:08 PM'
===2021-12-22 23:49:52.121 INFO  com.netflix.discovery.provider.DiscoveryJerseyProvider Line:70  - Using JSON encoding codec LegacyJacksonJson
===2021-12-22 23:49:52.123 INFO  com.netflix.discovery.provider.DiscoveryJerseyProvider Line:71  - Using JSON decoding codec LegacyJacksonJson
===2021-12-22 23:49:52.318 INFO  com.netflix.discovery.provider.DiscoveryJerseyProvider Line:80  - Using XML encoding codec XStreamXml
===2021-12-22 23:49:52.318 INFO  com.netflix.discovery.provider.DiscoveryJerseyProvider Line:81  - Using XML decoding codec XStreamXml
===2021-12-22 23:49:54.271 INFO  springfox.documentation.spring.web.PropertySourcedRequestMappingHandlerMapping Line:69  - Mapped URL path [/v2/api-docs] onto method [springfox.documentation.swagger2.web.Swagger2Controller#getDocumentation(String, HttpServletRequest)]
===2021-12-22 23:49:54.435 INFO  io.lettuce.core.EpollProvider Line:68  - Starting without optional epoll library
===2021-12-22 23:49:54.437 INFO  io.lettuce.core.KqueueProvider Line:70  - Starting without optional kqueue library
===2021-12-22 23:49:56.515 WARN  com.netflix.config.sources.URLConfigurationSource Line:121 - No URLs will be polled as dynamic configuration sources.
===2021-12-22 23:49:56.515 INFO  com.netflix.config.sources.URLConfigurationSource Line:122 - To enable URLs as dynamic configuration sources, define System property archaius.configurationSource.additionalUrls or make config.properties available on classpath.
===2021-12-22 23:49:58.821 WARN  org.springframework.cloud.loadbalancer.config.BlockingLoadBalancerClientAutoConfiguration$BlockingLoadBalancerClientRibbonWarnLogger Line:86  - You already have RibbonLoadBalancerClient on your classpath. It will be used by default. As Spring Cloud Ribbon is in maintenance mode. We recommend switching to BlockingLoadBalancerClient instead. In order to use it, set the value of `spring.cloud.loadbalancer.ribbon.enabled` to `false` or remove spring-cloud-starter-netflix-ribbon from your project.
===2021-12-22 23:49:59.044 INFO  com.netflix.discovery.DiscoveryClient Line:368 - Initializing Eureka in region us-east-1
===2021-12-22 23:49:59.936 INFO  com.netflix.discovery.provider.DiscoveryJerseyProvider Line:70  - Using JSON encoding codec LegacyJacksonJson
===2021-12-22 23:49:59.937 INFO  com.netflix.discovery.provider.DiscoveryJerseyProvider Line:71  - Using JSON decoding codec LegacyJacksonJson
===2021-12-22 23:49:59.937 INFO  com.netflix.discovery.provider.DiscoveryJerseyProvider Line:80  - Using XML encoding codec XStreamXml
===2021-12-22 23:49:59.938 INFO  com.netflix.discovery.provider.DiscoveryJerseyProvider Line:81  - Using XML decoding codec XStreamXml
===2021-12-22 23:50:00.130 INFO  com.netflix.discovery.shared.resolver.aws.ConfigClusterResolver Line:43  - Resolving eureka endpoints via configuration
===2021-12-22 23:50:00.790 INFO  com.netflix.discovery.DiscoveryClient Line:981 - Disable delta property : false
===2021-12-22 23:50:00.791 INFO  com.netflix.discovery.DiscoveryClient Line:982 - Single vip registry refresh property : null
===2021-12-22 23:50:00.791 INFO  com.netflix.discovery.DiscoveryClient Line:983 - Force full registry fetch : false
===2021-12-22 23:50:00.792 INFO  com.netflix.discovery.DiscoveryClient Line:984 - Application is null : false
===2021-12-22 23:50:00.792 INFO  com.netflix.discovery.DiscoveryClient Line:985 - Registered Applications size is zero : true
===2021-12-22 23:50:00.793 INFO  com.netflix.discovery.DiscoveryClient Line:987 - Application version is -1: true
===2021-12-22 23:50:00.793 INFO  com.netflix.discovery.DiscoveryClient Line:1070 - Getting all instance registry info from the eureka server
===2021-12-22 23:50:02.944 ERROR com.netflix.discovery.shared.transport.decorator.RedirectingEurekaHttpClient Line:83  - Request execution error. endpoint=DefaultEndpoint{ serviceUrl='http://172.20.10.3:8001/eureka/}
com.sun.jersey.api.client.ClientHandlerException: java.net.ConnectException: Connection refused: connect
	at com.sun.jersey.client.apache4.ApacheHttpClient4Handler.handle(ApacheHttpClient4Handler.java:187)
	at com.sun.jersey.api.client.filter.GZIPContentEncodingFilter.handle(GZIPContentEncodingFilter.java:123)
	at com.netflix.discovery.EurekaIdentityHeaderFilter.handle(EurekaIdentityHeaderFilter.java:27)
	at com.sun.jersey.api.client.Client.handle(Client.java:652)
	at com.sun.jersey.api.client.WebResource.handle(WebResource.java:682)
	at com.sun.jersey.api.client.WebResource.access$200(WebResource.java:74)
	at com.sun.jersey.api.client.WebResource$Builder.get(WebResource.java:509)
	at com.netflix.discovery.shared.transport.jersey.AbstractJerseyEurekaHttpClient.getApplicationsInternal(AbstractJerseyEurekaHttpClient.java:196)
	at com.netflix.discovery.shared.transport.jersey.AbstractJerseyEurekaHttpClient.getApplications(AbstractJerseyEurekaHttpClient.java:167)
	at com.netflix.discovery.shared.transport.decorator.EurekaHttpClientDecorator$6.execute(EurekaHttpClientDecorator.java:137)
	at com.netflix.discovery.shared.transport.decorator.MetricsCollectingEurekaHttpClient.execute(MetricsCollectingEurekaHttpClient.java:73)
	at com.netflix.discovery.shared.transport.decorator.EurekaHttpClientDecorator.getApplications(EurekaHttpClientDecorator.java:134)
	at com.netflix.discovery.shared.transport.decorator.EurekaHttpClientDecorator$6.execute(EurekaHttpClientDecorator.java:137)
	at com.netflix.discovery.shared.transport.decorator.RedirectingEurekaHttpClient.executeOnNewServer(RedirectingEurekaHttpClient.java:118)
	at com.netflix.discovery.shared.transport.decorator.RedirectingEurekaHttpClient.execute(RedirectingEurekaHttpClient.java:79)
	at com.netflix.discovery.shared.transport.decorator.EurekaHttpClientDecorator.getApplications(EurekaHttpClientDecorator.java:134)
	at com.netflix.discovery.shared.transport.decorator.EurekaHttpClientDecorator$6.execute(EurekaHttpClientDecorator.java:137)
	at com.netflix.discovery.shared.transport.decorator.RetryableEurekaHttpClient.execute(RetryableEurekaHttpClient.java:120)
	at com.netflix.discovery.shared.transport.decorator.EurekaHttpClientDecorator.getApplications(EurekaHttpClientDecorator.java:134)
	at com.netflix.discovery.shared.transport.decorator.EurekaHttpClientDecorator$6.execute(EurekaHttpClientDecorator.java:137)
	at com.netflix.discovery.shared.transport.decorator.SessionedEurekaHttpClient.execute(SessionedEurekaHttpClient.java:77)
	at com.netflix.discovery.shared.transport.decorator.EurekaHttpClientDecorator.getApplications(EurekaHttpClientDecorator.java:134)
	at com.netflix.discovery.DiscoveryClient.getAndStoreFullRegistry(DiscoveryClient.java:1074)
	at com.netflix.discovery.DiscoveryClient.fetchRegistry(DiscoveryClient.java:988)
	at com.netflix.discovery.DiscoveryClient.<init>(DiscoveryClient.java:433)
	at com.netflix.discovery.DiscoveryClient.<init>(DiscoveryClient.java:279)
	at com.netflix.discovery.DiscoveryClient.<init>(DiscoveryClient.java:275)
	at org.springframework.cloud.netflix.eureka.CloudEurekaClient.<init>(CloudEurekaClient.java:67)
	at org.springframework.cloud.netflix.eureka.EurekaClientAutoConfiguration$RefreshableEurekaClientConfiguration.eurekaClient(EurekaClientAutoConfiguration.java:324)
	at sun.reflect.NativeMethodAccessorImpl.invoke0(Native Method)
	at sun.reflect.NativeMethodAccessorImpl.invoke(NativeMethodAccessorImpl.java:62)
	at sun.reflect.DelegatingMethodAccessorImpl.invoke(DelegatingMethodAccessorImpl.java:43)
	at java.lang.reflect.Method.invoke(Method.java:498)
	at org.springframework.beans.factory.support.SimpleInstantiationStrategy.instantiate(SimpleInstantiationStrategy.java:154)
	at org.springframework.beans.factory.support.ConstructorResolver.instantiate(ConstructorResolver.java:651)
	at org.springframework.beans.factory.support.ConstructorResolver.instantiateUsingFactoryMethod(ConstructorResolver.java:636)
	at org.springframework.beans.factory.support.AbstractAutowireCapableBeanFactory.instantiateUsingFactoryMethod(AbstractAutowireCapableBeanFactory.java:1338)
	at org.springframework.beans.factory.support.AbstractAutowireCapableBeanFactory.createBeanInstance(AbstractAutowireCapableBeanFactory.java:1177)
	at org.springframework.beans.factory.support.AbstractAutowireCapableBeanFactory.doCreateBean(AbstractAutowireCapableBeanFactory.java:557)
	at org.springframework.beans.factory.support.AbstractAutowireCapableBeanFactory.createBean(AbstractAutowireCapableBeanFactory.java:517)
	at org.springframework.beans.factory.support.AbstractBeanFactory.lambda$doGetBean$1(AbstractBeanFactory.java:359)
	at org.springframework.cloud.context.scope.GenericScope$BeanLifecycleWrapper.getBean(GenericScope.java:389)
	at org.springframework.cloud.context.scope.GenericScope.get(GenericScope.java:186)
	at org.springframework.beans.factory.support.AbstractBeanFactory.doGetBean(AbstractBeanFactory.java:356)
	at org.springframework.beans.factory.support.AbstractBeanFactory.getBean(AbstractBeanFactory.java:202)
	at org.springframework.aop.target.SimpleBeanTargetSource.getTarget(SimpleBeanTargetSource.java:35)
	at org.springframework.aop.framework.JdkDynamicAopProxy.invoke(JdkDynamicAopProxy.java:192)
	at com.sun.proxy.$Proxy138.getApplications(Unknown Source)
	at org.springframework.cloud.netflix.eureka.server.EurekaServerAutoConfiguration.peerAwareInstanceRegistry(EurekaServerAutoConfiguration.java:154)
	at sun.reflect.NativeMethodAccessorImpl.invoke0(Native Method)
	at sun.reflect.NativeMethodAccessorImpl.invoke(NativeMethodAccessorImpl.java:62)
	at sun.reflect.DelegatingMethodAccessorImpl.invoke(DelegatingMethodAccessorImpl.java:43)
	at java.lang.reflect.Method.invoke(Method.java:498)
	at org.springframework.beans.factory.support.SimpleInstantiationStrategy.instantiate(SimpleInstantiationStrategy.java:154)
	at org.springframework.beans.factory.support.ConstructorResolver.instantiate(ConstructorResolver.java:651)
	at org.springframework.beans.factory.support.ConstructorResolver.instantiateUsingFactoryMethod(ConstructorResolver.java:636)
	at org.springframework.beans.factory.support.AbstractAutowireCapableBeanFactory.instantiateUsingFactoryMethod(AbstractAutowireCapableBeanFactory.java:1338)
	at org.springframework.beans.factory.support.AbstractAutowireCapableBeanFactory.createBeanInstance(AbstractAutowireCapableBeanFactory.java:1177)
	at org.springframework.beans.factory.support.AbstractAutowireCapableBeanFactory.doCreateBean(AbstractAutowireCapableBeanFactory.java:557)
	at org.springframework.beans.factory.support.AbstractAutowireCapableBeanFactory.createBean(AbstractAutowireCapableBeanFactory.java:517)
	at org.springframework.beans.factory.support.AbstractBeanFactory.lambda$doGetBean$0(AbstractBeanFactory.java:323)
	at org.springframework.beans.factory.support.DefaultSingletonBeanRegistry.getSingleton(DefaultSingletonBeanRegistry.java:226)
	at org.springframework.beans.factory.support.AbstractBeanFactory.doGetBean(AbstractBeanFactory.java:321)
	at org.springframework.beans.factory.support.AbstractBeanFactory.getBean(AbstractBeanFactory.java:202)
	at org.springframework.beans.factory.config.DependencyDescriptor.resolveCandidate(DependencyDescriptor.java:276)
	at org.springframework.beans.factory.support.DefaultListableBeanFactory.doResolveDependency(DefaultListableBeanFactory.java:1306)
	at org.springframework.beans.factory.support.DefaultListableBeanFactory.resolveDependency(DefaultListableBeanFactory.java:1226)
	at org.springframework.beans.factory.support.ConstructorResolver.resolveAutowiredArgument(ConstructorResolver.java:885)
	at org.springframework.beans.factory.support.ConstructorResolver.createArgumentArray(ConstructorResolver.java:789)
	at org.springframework.beans.factory.support.ConstructorResolver.instantiateUsingFactoryMethod(ConstructorResolver.java:539)
	at org.springframework.beans.factory.support.AbstractAutowireCapableBeanFactory.instantiateUsingFactoryMethod(AbstractAutowireCapableBeanFactory.java:1338)
	at org.springframework.beans.factory.support.AbstractAutowireCapableBeanFactory.createBeanInstance(AbstractAutowireCapableBeanFactory.java:1177)
	at org.springframework.beans.factory.support.AbstractAutowireCapableBeanFactory.doCreateBean(AbstractAutowireCapableBeanFactory.java:557)
	at org.springframework.beans.factory.support.AbstractAutowireCapableBeanFactory.createBean(AbstractAutowireCapableBeanFactory.java:517)
	at org.springframework.beans.factory.support.AbstractBeanFactory.lambda$doGetBean$0(AbstractBeanFactory.java:323)
	at org.springframework.beans.factory.support.DefaultSingletonBeanRegistry.getSingleton(DefaultSingletonBeanRegistry.java:226)
	at org.springframework.beans.factory.support.AbstractBeanFactory.doGetBean(AbstractBeanFactory.java:321)
	at org.springframework.beans.factory.support.AbstractBeanFactory.getBean(AbstractBeanFactory.java:202)
	at org.springframework.beans.factory.config.DependencyDescriptor.resolveCandidate(DependencyDescriptor.java:276)
	at org.springframework.beans.factory.support.DefaultListableBeanFactory.doResolveDependency(DefaultListableBeanFactory.java:1306)
	at org.springframework.beans.factory.support.DefaultListableBeanFactory.resolveDependency(DefaultListableBeanFactory.java:1226)
	at org.springframework.beans.factory.annotation.AutowiredAnnotationBeanPostProcessor$AutowiredFieldElement.inject(AutowiredAnnotationBeanPostProcessor.java:640)
	at org.springframework.beans.factory.annotation.InjectionMetadata.inject(InjectionMetadata.java:130)
	at org.springframework.beans.factory.annotation.AutowiredAnnotationBeanPostProcessor.postProcessProperties(AutowiredAnnotationBeanPostProcessor.java:399)
	at org.springframework.beans.factory.support.AbstractAutowireCapableBeanFactory.populateBean(AbstractAutowireCapableBeanFactory.java:1422)
	at org.springframework.beans.factory.support.AbstractAutowireCapableBeanFactory.doCreateBean(AbstractAutowireCapableBeanFactory.java:594)
	at org.springframework.beans.factory.support.AbstractAutowireCapableBeanFactory.createBean(AbstractAutowireCapableBeanFactory.java:517)
	at org.springframework.beans.factory.support.AbstractBeanFactory.lambda$doGetBean$0(AbstractBeanFactory.java:323)
	at org.springframework.beans.factory.support.DefaultSingletonBeanRegistry.getSingleton(DefaultSingletonBeanRegistry.java:226)
	at org.springframework.beans.factory.support.AbstractBeanFactory.doGetBean(AbstractBeanFactory.java:321)
	at org.springframework.beans.factory.support.AbstractBeanFactory.getBean(AbstractBeanFactory.java:202)
	at org.springframework.beans.factory.support.DefaultListableBeanFactory.preInstantiateSingletons(DefaultListableBeanFactory.java:895)
	at org.springframework.context.support.AbstractApplicationContext.finishBeanFactoryInitialization(AbstractApplicationContext.java:878)
	at org.springframework.context.support.AbstractApplicationContext.refresh(AbstractApplicationContext.java:550)
	at org.springframework.boot.web.servlet.context.ServletWebServerApplicationContext.refresh(ServletWebServerApplicationContext.java:141)
	at org.springframework.boot.SpringApplication.refresh(SpringApplication.java:747)
	at org.springframework.boot.SpringApplication.refreshContext(SpringApplication.java:397)
	at org.springframework.boot.SpringApplication.run(SpringApplication.java:315)
	at org.springframework.boot.SpringApplication.run(SpringApplication.java:1226)
	at org.springframework.boot.SpringApplication.run(SpringApplication.java:1215)
	at com.tcloudsoft.auth.provider.AuthApplication.main(AuthApplication.java:19)
	at sun.reflect.NativeMethodAccessorImpl.invoke0(Native Method)
	at sun.reflect.NativeMethodAccessorImpl.invoke(NativeMethodAccessorImpl.java:62)
	at sun.reflect.DelegatingMethodAccessorImpl.invoke(DelegatingMethodAccessorImpl.java:43)
	at java.lang.reflect.Method.invoke(Method.java:498)
	at org.springframework.boot.devtools.restart.RestartLauncher.run(RestartLauncher.java:49)
Caused by: java.net.ConnectException: Connection refused: connect
	at java.net.DualStackPlainSocketImpl.waitForConnect(Native Method)
	at java.net.DualStackPlainSocketImpl.socketConnect(DualStackPlainSocketImpl.java:85)
	at java.net.AbstractPlainSocketImpl.doConnect(AbstractPlainSocketImpl.java:350)
	at java.net.AbstractPlainSocketImpl.connectToAddress(AbstractPlainSocketImpl.java:206)
	at java.net.AbstractPlainSocketImpl.connect(AbstractPlainSocketImpl.java:188)
	at java.net.PlainSocketImpl.connect(PlainSocketImpl.java:172)
	at java.net.SocksSocketImpl.connect(SocksSocketImpl.java:392)
	at java.net.Socket.connect(Socket.java:589)
	at org.apache.http.conn.scheme.PlainSocketFactory.connectSocket(PlainSocketFactory.java:121)
	at org.apache.http.impl.conn.DefaultClientConnectionOperator.openConnection(DefaultClientConnectionOperator.java:180)
	at org.apache.http.impl.conn.AbstractPoolEntry.open(AbstractPoolEntry.java:144)
	at org.apache.http.impl.conn.AbstractPooledConnAdapter.open(AbstractPooledConnAdapter.java:134)
	at org.apache.http.impl.client.DefaultRequestDirector.tryConnect(DefaultRequestDirector.java:605)
	at org.apache.http.impl.client.DefaultRequestDirector.execute(DefaultRequestDirector.java:440)
	at org.apache.http.impl.client.AbstractHttpClient.doExecute(AbstractHttpClient.java:835)
	at org.apache.http.impl.client.CloseableHttpClient.execute(CloseableHttpClient.java:118)
	at org.apache.http.impl.client.CloseableHttpClient.execute(CloseableHttpClient.java:56)
	at com.sun.jersey.client.apache4.ApacheHttpClient4Handler.handle(ApacheHttpClient4Handler.java:173)
	... 105 common frames omitted
===2021-12-22 23:50:02.946 WARN  com.netflix.discovery.shared.transport.decorator.RetryableEurekaHttpClient Line:130 - Request execution failed with message: java.net.ConnectException: Connection refused: connect
===2021-12-22 23:50:02.948 ERROR com.netflix.discovery.DiscoveryClient Line:995 - DiscoveryClient_BASE-AUTH-PROVIDER/172.20.10.3:base-auth-provider:8001 - was unable to refresh its cache! status = Cannot execute request on any known server
com.netflix.discovery.shared.transport.TransportException: Cannot execute request on any known server
	at com.netflix.discovery.shared.transport.decorator.RetryableEurekaHttpClient.execute(RetryableEurekaHttpClient.java:112)
	at com.netflix.discovery.shared.transport.decorator.EurekaHttpClientDecorator.getApplications(EurekaHttpClientDecorator.java:134)
	at com.netflix.discovery.shared.transport.decorator.EurekaHttpClientDecorator$6.execute(EurekaHttpClientDecorator.java:137)
	at com.netflix.discovery.shared.transport.decorator.SessionedEurekaHttpClient.execute(SessionedEurekaHttpClient.java:77)
	at com.netflix.discovery.shared.transport.decorator.EurekaHttpClientDecorator.getApplications(EurekaHttpClientDecorator.java:134)
	at com.netflix.discovery.DiscoveryClient.getAndStoreFullRegistry(DiscoveryClient.java:1074)
	at com.netflix.discovery.DiscoveryClient.fetchRegistry(DiscoveryClient.java:988)
	at com.netflix.discovery.DiscoveryClient.<init>(DiscoveryClient.java:433)
	at com.netflix.discovery.DiscoveryClient.<init>(DiscoveryClient.java:279)
	at com.netflix.discovery.DiscoveryClient.<init>(DiscoveryClient.java:275)
	at org.springframework.cloud.netflix.eureka.CloudEurekaClient.<init>(CloudEurekaClient.java:67)
	at org.springframework.cloud.netflix.eureka.EurekaClientAutoConfiguration$RefreshableEurekaClientConfiguration.eurekaClient(EurekaClientAutoConfiguration.java:324)
	at sun.reflect.NativeMethodAccessorImpl.invoke0(Native Method)
	at sun.reflect.NativeMethodAccessorImpl.invoke(NativeMethodAccessorImpl.java:62)
	at sun.reflect.DelegatingMethodAccessorImpl.invoke(DelegatingMethodAccessorImpl.java:43)
	at java.lang.reflect.Method.invoke(Method.java:498)
	at org.springframework.beans.factory.support.SimpleInstantiationStrategy.instantiate(SimpleInstantiationStrategy.java:154)
	at org.springframework.beans.factory.support.ConstructorResolver.instantiate(ConstructorResolver.java:651)
	at org.springframework.beans.factory.support.ConstructorResolver.instantiateUsingFactoryMethod(ConstructorResolver.java:636)
	at org.springframework.beans.factory.support.AbstractAutowireCapableBeanFactory.instantiateUsingFactoryMethod(AbstractAutowireCapableBeanFactory.java:1338)
	at org.springframework.beans.factory.support.AbstractAutowireCapableBeanFactory.createBeanInstance(AbstractAutowireCapableBeanFactory.java:1177)
	at org.springframework.beans.factory.support.AbstractAutowireCapableBeanFactory.doCreateBean(AbstractAutowireCapableBeanFactory.java:557)
	at org.springframework.beans.factory.support.AbstractAutowireCapableBeanFactory.createBean(AbstractAutowireCapableBeanFactory.java:517)
	at org.springframework.beans.factory.support.AbstractBeanFactory.lambda$doGetBean$1(AbstractBeanFactory.java:359)
	at org.springframework.cloud.context.scope.GenericScope$BeanLifecycleWrapper.getBean(GenericScope.java:389)
	at org.springframework.cloud.context.scope.GenericScope.get(GenericScope.java:186)
	at org.springframework.beans.factory.support.AbstractBeanFactory.doGetBean(AbstractBeanFactory.java:356)
	at org.springframework.beans.factory.support.AbstractBeanFactory.getBean(AbstractBeanFactory.java:202)
	at org.springframework.aop.target.SimpleBeanTargetSource.getTarget(SimpleBeanTargetSource.java:35)
	at org.springframework.aop.framework.JdkDynamicAopProxy.invoke(JdkDynamicAopProxy.java:192)
	at com.sun.proxy.$Proxy138.getApplications(Unknown Source)
	at org.springframework.cloud.netflix.eureka.server.EurekaServerAutoConfiguration.peerAwareInstanceRegistry(EurekaServerAutoConfiguration.java:154)
	at sun.reflect.NativeMethodAccessorImpl.invoke0(Native Method)
	at sun.reflect.NativeMethodAccessorImpl.invoke(NativeMethodAccessorImpl.java:62)
	at sun.reflect.DelegatingMethodAccessorImpl.invoke(DelegatingMethodAccessorImpl.java:43)
	at java.lang.reflect.Method.invoke(Method.java:498)
	at org.springframework.beans.factory.support.SimpleInstantiationStrategy.instantiate(SimpleInstantiationStrategy.java:154)
	at org.springframework.beans.factory.support.ConstructorResolver.instantiate(ConstructorResolver.java:651)
	at org.springframework.beans.factory.support.ConstructorResolver.instantiateUsingFactoryMethod(ConstructorResolver.java:636)
	at org.springframework.beans.factory.support.AbstractAutowireCapableBeanFactory.instantiateUsingFactoryMethod(AbstractAutowireCapableBeanFactory.java:1338)
	at org.springframework.beans.factory.support.AbstractAutowireCapableBeanFactory.createBeanInstance(AbstractAutowireCapableBeanFactory.java:1177)
	at org.springframework.beans.factory.support.AbstractAutowireCapableBeanFactory.doCreateBean(AbstractAutowireCapableBeanFactory.java:557)
	at org.springframework.beans.factory.support.AbstractAutowireCapableBeanFactory.createBean(AbstractAutowireCapableBeanFactory.java:517)
	at org.springframework.beans.factory.support.AbstractBeanFactory.lambda$doGetBean$0(AbstractBeanFactory.java:323)
	at org.springframework.beans.factory.support.DefaultSingletonBeanRegistry.getSingleton(DefaultSingletonBeanRegistry.java:226)
	at org.springframework.beans.factory.support.AbstractBeanFactory.doGetBean(AbstractBeanFactory.java:321)
	at org.springframework.beans.factory.support.AbstractBeanFactory.getBean(AbstractBeanFactory.java:202)
	at org.springframework.beans.factory.config.DependencyDescriptor.resolveCandidate(DependencyDescriptor.java:276)
	at org.springframework.beans.factory.support.DefaultListableBeanFactory.doResolveDependency(DefaultListableBeanFactory.java:1306)
	at org.springframework.beans.factory.support.DefaultListableBeanFactory.resolveDependency(DefaultListableBeanFactory.java:1226)
	at org.springframework.beans.factory.support.ConstructorResolver.resolveAutowiredArgument(ConstructorResolver.java:885)
	at org.springframework.beans.factory.support.ConstructorResolver.createArgumentArray(ConstructorResolver.java:789)
	at org.springframework.beans.factory.support.ConstructorResolver.instantiateUsingFactoryMethod(ConstructorResolver.java:539)
	at org.springframework.beans.factory.support.AbstractAutowireCapableBeanFactory.instantiateUsingFactoryMethod(AbstractAutowireCapableBeanFactory.java:1338)
	at org.springframework.beans.factory.support.AbstractAutowireCapableBeanFactory.createBeanInstance(AbstractAutowireCapableBeanFactory.java:1177)
	at org.springframework.beans.factory.support.AbstractAutowireCapableBeanFactory.doCreateBean(AbstractAutowireCapableBeanFactory.java:557)
	at org.springframework.beans.factory.support.AbstractAutowireCapableBeanFactory.createBean(AbstractAutowireCapableBeanFactory.java:517)
	at org.springframework.beans.factory.support.AbstractBeanFactory.lambda$doGetBean$0(AbstractBeanFactory.java:323)
	at org.springframework.beans.factory.support.DefaultSingletonBeanRegistry.getSingleton(DefaultSingletonBeanRegistry.java:226)
	at org.springframework.beans.factory.support.AbstractBeanFactory.doGetBean(AbstractBeanFactory.java:321)
	at org.springframework.beans.factory.support.AbstractBeanFactory.getBean(AbstractBeanFactory.java:202)
	at org.springframework.beans.factory.config.DependencyDescriptor.resolveCandidate(DependencyDescriptor.java:276)
	at org.springframework.beans.factory.support.DefaultListableBeanFactory.doResolveDependency(DefaultListableBeanFactory.java:1306)
	at org.springframework.beans.factory.support.DefaultListableBeanFactory.resolveDependency(DefaultListableBeanFactory.java:1226)
	at org.springframework.beans.factory.annotation.AutowiredAnnotationBeanPostProcessor$AutowiredFieldElement.inject(AutowiredAnnotationBeanPostProcessor.java:640)
	at org.springframework.beans.factory.annotation.InjectionMetadata.inject(InjectionMetadata.java:130)
	at org.springframework.beans.factory.annotation.AutowiredAnnotationBeanPostProcessor.postProcessProperties(AutowiredAnnotationBeanPostProcessor.java:399)
	at org.springframework.beans.factory.support.AbstractAutowireCapableBeanFactory.populateBean(AbstractAutowireCapableBeanFactory.java:1422)
	at org.springframework.beans.factory.support.AbstractAutowireCapableBeanFactory.doCreateBean(AbstractAutowireCapableBeanFactory.java:594)
	at org.springframework.beans.factory.support.AbstractAutowireCapableBeanFactory.createBean(AbstractAutowireCapableBeanFactory.java:517)
	at org.springframework.beans.factory.support.AbstractBeanFactory.lambda$doGetBean$0(AbstractBeanFactory.java:323)
	at org.springframework.beans.factory.support.DefaultSingletonBeanRegistry.getSingleton(DefaultSingletonBeanRegistry.java:226)
	at org.springframework.beans.factory.support.AbstractBeanFactory.doGetBean(AbstractBeanFactory.java:321)
	at org.springframework.beans.factory.support.AbstractBeanFactory.getBean(AbstractBeanFactory.java:202)
	at org.springframework.beans.factory.support.DefaultListableBeanFactory.preInstantiateSingletons(DefaultListableBeanFactory.java:895)
	at org.springframework.context.support.AbstractApplicationContext.finishBeanFactoryInitialization(AbstractApplicationContext.java:878)
	at org.springframework.context.support.AbstractApplicationContext.refresh(AbstractApplicationContext.java:550)
	at org.springframework.boot.web.servlet.context.ServletWebServerApplicationContext.refresh(ServletWebServerApplicationContext.java:141)
	at org.springframework.boot.SpringApplication.refresh(SpringApplication.java:747)
	at org.springframework.boot.SpringApplication.refreshContext(SpringApplication.java:397)
	at org.springframework.boot.SpringApplication.run(SpringApplication.java:315)
	at org.springframework.boot.SpringApplication.run(SpringApplication.java:1226)
	at org.springframework.boot.SpringApplication.run(SpringApplication.java:1215)
	at com.tcloudsoft.auth.provider.AuthApplication.main(AuthApplication.java:19)
	at sun.reflect.NativeMethodAccessorImpl.invoke0(Native Method)
	at sun.reflect.NativeMethodAccessorImpl.invoke(NativeMethodAccessorImpl.java:62)
	at sun.reflect.DelegatingMethodAccessorImpl.invoke(DelegatingMethodAccessorImpl.java:43)
	at java.lang.reflect.Method.invoke(Method.java:498)
	at org.springframework.boot.devtools.restart.RestartLauncher.run(RestartLauncher.java:49)
===2021-12-22 23:50:02.950 WARN  com.netflix.discovery.DiscoveryClient Line:300 - Using default backup registry implementation which does not do anything.
===2021-12-22 23:50:02.952 INFO  com.netflix.discovery.DiscoveryClient Line:1294 - Starting heartbeat executor: renew interval is: 5
===2021-12-22 23:50:02.956 INFO  com.netflix.discovery.InstanceInfoReplicator Line:60  - InstanceInfoReplicator onDemand update allowed rate per min is 4
===2021-12-22 23:50:02.965 INFO  com.netflix.discovery.DiscoveryClient Line:468 - Discovery Client initialized at timestamp 1640188202963 with initial instances count: 0
===2021-12-22 23:50:03.022 INFO  com.netflix.eureka.DefaultEurekaServerContext Line:66  - Initializing ...
===2021-12-22 23:50:03.027 WARN  com.netflix.eureka.cluster.PeerEurekaNodes Line:155 - The replica size seems to be empty. Check the route 53 DNS Registry
===2021-12-22 23:50:03.041 INFO  com.netflix.eureka.registry.AbstractInstanceRegistry Line:153 - Finished initializing remote region registries. All known remote regions: []
===2021-12-22 23:50:03.043 INFO  com.netflix.eureka.DefaultEurekaServerContext Line:73  - Initialized
===2021-12-22 23:50:04.124 INFO  com.netflix.discovery.DiscoveryClient Line:1330 - Saw local status change event StatusChangeEvent [timestamp=1640188204124, current=UP, previous=STARTING]
===2021-12-22 23:50:04.129 INFO  com.netflix.discovery.DiscoveryClient Line:847 - DiscoveryClient_BASE-AUTH-PROVIDER/172.20.10.3:base-auth-provider:8001: registering service...
===2021-12-22 23:50:04.132 INFO  springfox.documentation.spring.web.plugins.DocumentationPluginsBootstrapper Line:160 - Context refreshed
===2021-12-22 23:50:04.165 INFO  springfox.documentation.spring.web.plugins.DocumentationPluginsBootstrapper Line:163 - Found 1 custom documentation plugin(s)
===2021-12-22 23:50:04.229 INFO  springfox.documentation.spring.web.scanners.ApiListingReferenceScanner Line:41  - Scanning for api listing references
===2021-12-22 23:50:04.882 INFO  org.apache.coyote.http11.Http11NioProtocol Line:173 - Starting ProtocolHandler ["http-nio-8001"]
===2021-12-22 23:50:05.315 INFO  org.apache.catalina.core.ContainerBase.[Tomcat].[localhost].[/] Line:173 - Initializing Spring DispatcherServlet 'dispatcherServlet'
===2021-12-22 23:50:05.467 INFO  com.netflix.eureka.registry.AbstractInstanceRegistry Line:266 - Registered instance BASE-AUTH-PROVIDER/172.20.10.3:base-auth-provider:8001 with status UP (replication=false)
===2021-12-22 23:50:05.501 INFO  com.netflix.discovery.DiscoveryClient Line:856 - DiscoveryClient_BASE-AUTH-PROVIDER/172.20.10.3:base-auth-provider:8001 - registration status: 204
===2021-12-22 23:50:05.885 INFO  org.springblade.core.launch.StartEventListener Line:44  - ---[BASE-AUTH-PROVIDER]---启动完成，当前使用的端口:[8001]，环境变量:[dev]---
===2021-12-22 23:50:05.888 INFO  com.tcloudsoft.auth.provider.AuthApplication Line:61  - Started AuthApplication in 27.258 seconds (JVM running for 31.858)
===2021-12-22 23:50:07.472 INFO  com.alibaba.druid.pool.DruidDataSource Line:928 - {dataSource-1,test} inited
===2021-12-22 23:50:32.953 INFO  com.netflix.discovery.DiscoveryClient Line:981 - Disable delta property : false
===2021-12-22 23:50:32.954 INFO  com.netflix.discovery.DiscoveryClient Line:982 - Single vip registry refresh property : null
===2021-12-22 23:50:32.955 INFO  com.netflix.discovery.DiscoveryClient Line:983 - Force full registry fetch : false
===2021-12-22 23:50:32.955 INFO  com.netflix.discovery.DiscoveryClient Line:984 - Application is null : false
===2021-12-22 23:50:32.956 INFO  com.netflix.discovery.DiscoveryClient Line:985 - Registered Applications size is zero : true
===2021-12-22 23:50:32.956 INFO  com.netflix.discovery.DiscoveryClient Line:987 - Application version is -1: true
===2021-12-22 23:50:32.957 INFO  com.netflix.discovery.DiscoveryClient Line:1070 - Getting all instance registry info from the eureka server
===2021-12-22 23:50:32.987 INFO  com.netflix.discovery.DiscoveryClient Line:1079 - The response status is 200
===2021-12-22 23:50:34.170 INFO  com.netflix.eureka.registry.AbstractInstanceRegistry Line:266 - Registered instance BASE-AUTH-PROVIDER/172.20.10.3:base-auth-provider:8001 with status UP (replication=true)
===2021-12-22 23:50:34.171 INFO  com.netflix.eureka.registry.PeerAwareInstanceRegistryImpl Line:242 - Got 1 instances from neighboring DS node
===2021-12-22 23:50:34.172 INFO  com.netflix.eureka.registry.PeerAwareInstanceRegistryImpl Line:243 - Renew threshold is: 1
===2021-12-22 23:50:34.172 INFO  com.netflix.eureka.registry.PeerAwareInstanceRegistryImpl Line:254 - Changing status to UP
===2021-12-22 23:50:39.175 INFO  com.netflix.eureka.registry.AbstractInstanceRegistry Line:1247 - Running the evict task with compensationTime 0ms
===2021-12-22 23:50:44.175 INFO  com.netflix.eureka.registry.AbstractInstanceRegistry Line:1247 - Running the evict task with compensationTime 0ms
===2021-12-22 23:50:49.175 INFO  com.netflix.eureka.registry.AbstractInstanceRegistry Line:1247 - Running the evict task with compensationTime 0ms
===2021-12-22 23:50:52.523 INFO  com.netflix.eureka.registry.AbstractInstanceRegistry Line:266 - Registered instance BASE-WEB-PROVIDER/172.20.10.3:8002 with status UP (replication=false)
===2021-12-22 23:50:54.176 INFO  com.netflix.eureka.registry.AbstractInstanceRegistry Line:1247 - Running the evict task with compensationTime 0ms
===2021-12-22 23:50:59.177 INFO  com.netflix.eureka.registry.AbstractInstanceRegistry Line:1247 - Running the evict task with compensationTime 0ms
===2021-12-22 23:51:04.178 INFO  com.netflix.eureka.registry.AbstractInstanceRegistry Line:1247 - Running the evict task with compensationTime 0ms
===2021-12-22 23:51:09.178 INFO  com.netflix.eureka.registry.AbstractInstanceRegistry Line:1247 - Running the evict task with compensationTime 0ms
===2021-12-22 23:51:14.179 INFO  com.netflix.eureka.registry.AbstractInstanceRegistry Line:1247 - Running the evict task with compensationTime 0ms
===2021-12-22 23:51:19.179 INFO  com.netflix.eureka.registry.AbstractInstanceRegistry Line:1247 - Running the evict task with compensationTime 0ms
===2021-12-22 23:51:24.180 INFO  com.netflix.eureka.registry.AbstractInstanceRegistry Line:1247 - Running the evict task with compensationTime 0ms
===2021-12-22 23:51:29.181 INFO  com.netflix.eureka.registry.AbstractInstanceRegistry Line:1247 - Running the evict task with compensationTime 0ms
===2021-12-22 23:51:34.181 INFO  com.netflix.eureka.registry.AbstractInstanceRegistry Line:1247 - Running the evict task with compensationTime 0ms
===2021-12-22 23:51:39.182 INFO  com.netflix.eureka.registry.AbstractInstanceRegistry Line:1247 - Running the evict task with compensationTime 0ms
===2021-12-22 23:51:44.183 INFO  com.netflix.eureka.registry.AbstractInstanceRegistry Line:1247 - Running the evict task with compensationTime 0ms
===2021-12-22 23:51:49.183 INFO  com.netflix.eureka.registry.AbstractInstanceRegistry Line:1247 - Running the evict task with compensationTime 0ms
===2021-12-22 23:51:54.184 INFO  com.netflix.eureka.registry.AbstractInstanceRegistry Line:1247 - Running the evict task with compensationTime 0ms
===2021-12-22 23:51:59.184 INFO  com.netflix.eureka.registry.AbstractInstanceRegistry Line:1247 - Running the evict task with compensationTime 0ms
===2021-12-22 23:52:04.185 INFO  com.netflix.eureka.registry.AbstractInstanceRegistry Line:1247 - Running the evict task with compensationTime 0ms
===2021-12-22 23:52:09.186 INFO  com.netflix.eureka.registry.AbstractInstanceRegistry Line:1247 - Running the evict task with compensationTime 0ms
===2021-12-22 23:52:14.187 INFO  com.netflix.eureka.registry.AbstractInstanceRegistry Line:1247 - Running the evict task with compensationTime 0ms
===2021-12-22 23:52:19.188 INFO  com.netflix.eureka.registry.AbstractInstanceRegistry Line:1247 - Running the evict task with compensationTime 0ms
===2021-12-22 23:52:24.188 INFO  com.netflix.eureka.registry.AbstractInstanceRegistry Line:1247 - Running the evict task with compensationTime 0ms
===2021-12-22 23:52:29.188 INFO  com.netflix.eureka.registry.AbstractInstanceRegistry Line:1247 - Running the evict task with compensationTime 0ms
===2021-12-22 23:52:34.189 INFO  com.netflix.eureka.registry.AbstractInstanceRegistry Line:1247 - Running the evict task with compensationTime 0ms
===2021-12-22 23:52:39.189 INFO  com.netflix.eureka.registry.AbstractInstanceRegistry Line:1247 - Running the evict task with compensationTime 0ms
===2021-12-22 23:52:44.190 INFO  com.netflix.eureka.registry.AbstractInstanceRegistry Line:1247 - Running the evict task with compensationTime 0ms
===2021-12-22 23:52:49.190 INFO  com.netflix.eureka.registry.AbstractInstanceRegistry Line:1247 - Running the evict task with compensationTime 0ms
===2021-12-22 23:52:54.190 INFO  com.netflix.eureka.registry.AbstractInstanceRegistry Line:1247 - Running the evict task with compensationTime 0ms
===2021-12-22 23:52:58.965 INFO  com.netflix.eureka.registry.AbstractInstanceRegistry Line:266 - Registered instance BASE-WEB-PROVIDER/172.20.10.3:8002 with status DOWN (replication=false)
===2021-12-22 23:52:59.191 INFO  com.netflix.eureka.registry.AbstractInstanceRegistry Line:1247 - Running the evict task with compensationTime 1ms
===2021-12-22 23:53:02.217 INFO  com.netflix.eureka.registry.AbstractInstanceRegistry Line:328 - Cancelled instance BASE-WEB-PROVIDER/172.20.10.3:8002 (replication=false)
===2021-12-22 23:53:04.198 INFO  com.netflix.eureka.registry.AbstractInstanceRegistry Line:1247 - Running the evict task with compensationTime 6ms
===2021-12-22 23:53:09.199 INFO  com.netflix.eureka.registry.AbstractInstanceRegistry Line:1247 - Running the evict task with compensationTime 0ms
===2021-12-22 23:53:14.199 INFO  com.netflix.eureka.registry.AbstractInstanceRegistry Line:1247 - Running the evict task with compensationTime 0ms
===2021-12-22 23:53:19.199 INFO  com.netflix.eureka.registry.AbstractInstanceRegistry Line:1247 - Running the evict task with compensationTime 0ms
===2021-12-22 23:53:24.200 INFO  com.netflix.eureka.registry.AbstractInstanceRegistry Line:1247 - Running the evict task with compensationTime 0ms
===2021-12-22 23:53:29.201 INFO  com.netflix.eureka.registry.AbstractInstanceRegistry Line:1247 - Running the evict task with compensationTime 1ms
===2021-12-22 23:53:30.972 INFO  com.netflix.eureka.registry.AbstractInstanceRegistry Line:266 - Registered instance BASE-WEB-PROVIDER/172.20.10.3:8002 with status UP (replication=false)
===2021-12-22 23:53:34.202 INFO  com.netflix.eureka.registry.AbstractInstanceRegistry Line:1247 - Running the evict task with compensationTime 0ms
===2021-12-22 23:53:39.202 INFO  com.netflix.eureka.registry.AbstractInstanceRegistry Line:1247 - Running the evict task with compensationTime 0ms
===2021-12-22 23:53:44.202 INFO  com.netflix.eureka.registry.AbstractInstanceRegistry Line:1247 - Running the evict task with compensationTime 0ms
===2021-12-22 23:53:49.203 INFO  com.netflix.eureka.registry.AbstractInstanceRegistry Line:1247 - Running the evict task with compensationTime 0ms
===2021-12-22 23:53:54.203 INFO  com.netflix.eureka.registry.AbstractInstanceRegistry Line:1247 - Running the evict task with compensationTime 0ms
===2021-12-22 23:53:59.203 INFO  com.netflix.eureka.registry.AbstractInstanceRegistry Line:1247 - Running the evict task with compensationTime 0ms
===2021-12-22 23:54:04.204 INFO  com.netflix.eureka.registry.AbstractInstanceRegistry Line:1247 - Running the evict task with compensationTime 0ms
===2021-12-22 23:54:09.205 INFO  com.netflix.eureka.registry.AbstractInstanceRegistry Line:1247 - Running the evict task with compensationTime 0ms
===2021-12-22 23:54:14.205 INFO  com.netflix.eureka.registry.AbstractInstanceRegistry Line:1247 - Running the evict task with compensationTime 0ms
===2021-12-22 23:54:19.206 INFO  com.netflix.eureka.registry.AbstractInstanceRegistry Line:1247 - Running the evict task with compensationTime 0ms
===2021-12-22 23:54:24.207 INFO  com.netflix.eureka.registry.AbstractInstanceRegistry Line:1247 - Running the evict task with compensationTime 0ms
===2021-12-22 23:54:29.207 INFO  com.netflix.eureka.registry.AbstractInstanceRegistry Line:1247 - Running the evict task with compensationTime 0ms
===2021-12-22 23:54:34.207 INFO  com.netflix.eureka.registry.AbstractInstanceRegistry Line:1247 - Running the evict task with compensationTime 0ms
===2021-12-22 23:54:39.208 INFO  com.netflix.eureka.registry.AbstractInstanceRegistry Line:1247 - Running the evict task with compensationTime 0ms
===2021-12-22 23:54:44.208 INFO  com.netflix.eureka.registry.AbstractInstanceRegistry Line:1247 - Running the evict task with compensationTime 0ms
===2021-12-22 23:54:49.209 INFO  com.netflix.eureka.registry.AbstractInstanceRegistry Line:1247 - Running the evict task with compensationTime 0ms
===2021-12-22 23:54:54.209 INFO  com.netflix.eureka.registry.AbstractInstanceRegistry Line:1247 - Running the evict task with compensationTime 0ms
===2021-12-22 23:54:59.210 INFO  com.netflix.eureka.registry.AbstractInstanceRegistry Line:1247 - Running the evict task with compensationTime 0ms
===2021-12-22 23:55:00.797 INFO  com.netflix.discovery.shared.resolver.aws.ConfigClusterResolver Line:43  - Resolving eureka endpoints via configuration
===2021-12-22 23:55:04.211 INFO  com.netflix.eureka.registry.AbstractInstanceRegistry Line:1247 - Running the evict task with compensationTime 0ms
===2021-12-22 23:55:09.211 INFO  com.netflix.eureka.registry.AbstractInstanceRegistry Line:1247 - Running the evict task with compensationTime 0ms
===2021-12-22 23:55:14.211 INFO  com.netflix.eureka.registry.AbstractInstanceRegistry Line:1247 - Running the evict task with compensationTime 0ms
===2021-12-22 23:55:19.211 INFO  com.netflix.eureka.registry.AbstractInstanceRegistry Line:1247 - Running the evict task with compensationTime 0ms
===2021-12-22 23:55:24.212 INFO  com.netflix.eureka.registry.AbstractInstanceRegistry Line:1247 - Running the evict task with compensationTime 0ms
===2021-12-22 23:55:29.212 INFO  com.netflix.eureka.registry.AbstractInstanceRegistry Line:1247 - Running the evict task with compensationTime 0ms
===2021-12-22 23:55:34.212 INFO  com.netflix.eureka.registry.AbstractInstanceRegistry Line:1247 - Running the evict task with compensationTime 0ms
===2021-12-22 23:55:39.213 INFO  com.netflix.eureka.registry.AbstractInstanceRegistry Line:1247 - Running the evict task with compensationTime 0ms
===2021-12-22 23:55:44.213 INFO  com.netflix.eureka.registry.AbstractInstanceRegistry Line:1247 - Running the evict task with compensationTime 0ms
===2021-12-22 23:55:49.214 INFO  com.netflix.eureka.registry.AbstractInstanceRegistry Line:1247 - Running the evict task with compensationTime 0ms
===2021-12-22 23:55:54.214 INFO  com.netflix.eureka.registry.AbstractInstanceRegistry Line:1247 - Running the evict task with compensationTime 0ms
===2021-12-22 23:55:59.215 INFO  com.netflix.eureka.registry.AbstractInstanceRegistry Line:1247 - Running the evict task with compensationTime 0ms
===2021-12-22 23:56:04.215 INFO  com.netflix.eureka.registry.AbstractInstanceRegistry Line:1247 - Running the evict task with compensationTime 0ms
===2021-12-22 23:56:09.216 INFO  com.netflix.eureka.registry.AbstractInstanceRegistry Line:1247 - Running the evict task with compensationTime 0ms
===2021-12-22 23:56:14.216 INFO  com.netflix.eureka.registry.AbstractInstanceRegistry Line:1247 - Running the evict task with compensationTime 0ms
===2021-12-22 23:56:19.216 INFO  com.netflix.eureka.registry.AbstractInstanceRegistry Line:1247 - Running the evict task with compensationTime 0ms
===2021-12-22 23:56:24.217 INFO  com.netflix.eureka.registry.AbstractInstanceRegistry Line:1247 - Running the evict task with compensationTime 0ms
===2021-12-22 23:56:29.217 INFO  com.netflix.eureka.registry.AbstractInstanceRegistry Line:1247 - Running the evict task with compensationTime 0ms
===2021-12-22 23:56:34.217 INFO  com.netflix.eureka.registry.AbstractInstanceRegistry Line:1247 - Running the evict task with compensationTime 0ms
===2021-12-22 23:56:39.217 INFO  com.netflix.eureka.registry.AbstractInstanceRegistry Line:1247 - Running the evict task with compensationTime 0ms
===2021-12-22 23:56:44.217 INFO  com.netflix.eureka.registry.AbstractInstanceRegistry Line:1247 - Running the evict task with compensationTime 0ms
===2021-12-22 23:56:49.217 INFO  com.netflix.eureka.registry.AbstractInstanceRegistry Line:1247 - Running the evict task with compensationTime 0ms
===2021-12-22 23:56:54.218 INFO  com.netflix.eureka.registry.AbstractInstanceRegistry Line:1247 - Running the evict task with compensationTime 0ms
===2021-12-22 23:56:59.218 INFO  com.netflix.eureka.registry.AbstractInstanceRegistry Line:1247 - Running the evict task with compensationTime 0ms
===2021-12-22 23:57:04.219 INFO  com.netflix.eureka.registry.AbstractInstanceRegistry Line:1247 - Running the evict task with compensationTime 0ms
===2021-12-22 23:57:09.220 INFO  com.netflix.eureka.registry.AbstractInstanceRegistry Line:1247 - Running the evict task with compensationTime 0ms
===2021-12-22 23:57:14.220 INFO  com.netflix.eureka.registry.AbstractInstanceRegistry Line:1247 - Running the evict task with compensationTime 0ms
===2021-12-22 23:57:19.221 INFO  com.netflix.eureka.registry.AbstractInstanceRegistry Line:1247 - Running the evict task with compensationTime 1ms
===2021-12-22 23:57:24.221 INFO  com.netflix.eureka.registry.AbstractInstanceRegistry Line:1247 - Running the evict task with compensationTime 0ms
===2021-12-22 23:57:29.222 INFO  com.netflix.eureka.registry.AbstractInstanceRegistry Line:1247 - Running the evict task with compensationTime 0ms
===2021-12-22 23:57:34.222 INFO  com.netflix.eureka.registry.AbstractInstanceRegistry Line:1247 - Running the evict task with compensationTime 0ms
===2021-12-22 23:57:39.223 INFO  com.netflix.eureka.registry.AbstractInstanceRegistry Line:1247 - Running the evict task with compensationTime 0ms
===2021-12-22 23:57:44.223 INFO  com.netflix.eureka.registry.AbstractInstanceRegistry Line:1247 - Running the evict task with compensationTime 0ms
===2021-12-22 23:57:49.223 INFO  com.netflix.eureka.registry.AbstractInstanceRegistry Line:1247 - Running the evict task with compensationTime 0ms
===2021-12-22 23:57:54.224 INFO  com.netflix.eureka.registry.AbstractInstanceRegistry Line:1247 - Running the evict task with compensationTime 0ms
===2021-12-22 23:57:59.225 INFO  com.netflix.eureka.registry.AbstractInstanceRegistry Line:1247 - Running the evict task with compensationTime 0ms
===2021-12-22 23:58:04.226 INFO  com.netflix.eureka.registry.AbstractInstanceRegistry Line:1247 - Running the evict task with compensationTime 0ms
===2021-12-22 23:58:09.227 INFO  com.netflix.eureka.registry.AbstractInstanceRegistry Line:1247 - Running the evict task with compensationTime 0ms
===2021-12-22 23:58:14.227 INFO  com.netflix.eureka.registry.AbstractInstanceRegistry Line:1247 - Running the evict task with compensationTime 0ms
===2021-12-22 23:58:19.228 INFO  com.netflix.eureka.registry.AbstractInstanceRegistry Line:1247 - Running the evict task with compensationTime 0ms
===2021-12-22 23:58:24.228 INFO  com.netflix.eureka.registry.AbstractInstanceRegistry Line:1247 - Running the evict task with compensationTime 0ms
===2021-12-22 23:58:29.228 INFO  com.netflix.eureka.registry.AbstractInstanceRegistry Line:1247 - Running the evict task with compensationTime 0ms
===2021-12-22 23:58:34.229 INFO  com.netflix.eureka.registry.AbstractInstanceRegistry Line:1247 - Running the evict task with compensationTime 0ms
===2021-12-22 23:58:39.230 INFO  com.netflix.eureka.registry.AbstractInstanceRegistry Line:1247 - Running the evict task with compensationTime 0ms
===2021-12-22 23:58:44.230 INFO  com.netflix.eureka.registry.AbstractInstanceRegistry Line:1247 - Running the evict task with compensationTime 0ms
===2021-12-22 23:58:49.230 INFO  com.netflix.eureka.registry.AbstractInstanceRegistry Line:1247 - Running the evict task with compensationTime 0ms
===2021-12-22 23:58:54.230 INFO  com.netflix.eureka.registry.AbstractInstanceRegistry Line:1247 - Running the evict task with compensationTime 0ms
===2021-12-22 23:58:59.231 INFO  com.netflix.eureka.registry.AbstractInstanceRegistry Line:1247 - Running the evict task with compensationTime 0ms
===2021-12-22 23:59:00.230 ERROR com.tcloudsoft.auth.provider.config.LogScheduled Line:58  - 日志定时任务执行失败
org.springframework.jdbc.BadSqlGrammarException: 
### Error querying database.  Cause: java.sql.SQLSyntaxErrorException: Table 'epidemic.t_log' doesn't exist
### The error may exist in com/tcloudsoft/auth/provider/mapper/LogMapper.java (best guess)
### The error may involve defaultParameterMap
### The error occurred while setting parameters
### SQL: SELECT  id,request_time,args,method,success,ip,description,class_name,creator_time,url,username  FROM t_log     WHERE (creator_time >= ? AND creator_time <= ?)
### Cause: java.sql.SQLSyntaxErrorException: Table 'epidemic.t_log' doesn't exist
; bad SQL grammar []; nested exception is java.sql.SQLSyntaxErrorException: Table 'epidemic.t_log' doesn't exist
	at org.springframework.jdbc.support.SQLErrorCodeSQLExceptionTranslator.doTranslate(SQLErrorCodeSQLExceptionTranslator.java:235)
	at org.springframework.jdbc.support.AbstractFallbackSQLExceptionTranslator.translate(AbstractFallbackSQLExceptionTranslator.java:72)
	at org.mybatis.spring.MyBatisExceptionTranslator.translateExceptionIfPossible(MyBatisExceptionTranslator.java:74)
	at org.mybatis.spring.SqlSessionTemplate$SqlSessionInterceptor.invoke(SqlSessionTemplate.java:440)
	at com.sun.proxy.$Proxy162.selectList(Unknown Source)
	at org.mybatis.spring.SqlSessionTemplate.selectList(SqlSessionTemplate.java:223)
	at com.baomidou.mybatisplus.core.override.MybatisMapperMethod.executeForMany(MybatisMapperMethod.java:158)
	at com.baomidou.mybatisplus.core.override.MybatisMapperMethod.execute(MybatisMapperMethod.java:76)
	at com.baomidou.mybatisplus.core.override.MybatisMapperProxy.invoke(MybatisMapperProxy.java:61)
	at com.sun.proxy.$Proxy216.selectList(Unknown Source)
	at com.baomidou.mybatisplus.extension.service.impl.ServiceImpl.list(ServiceImpl.java:271)
	at com.baomidou.mybatisplus.extension.service.impl.ServiceImpl$$FastClassBySpringCGLIB$$76535273.invoke(<generated>)
	at org.springframework.cglib.proxy.MethodProxy.invoke(MethodProxy.java:218)
	at org.springframework.aop.framework.CglibAopProxy$DynamicAdvisedInterceptor.intercept(CglibAopProxy.java:687)
	at com.tcloudsoft.auth.provider.service.impl.LogServiceImpl$$EnhancerBySpringCGLIB$$b6f30bd2.list(<generated>)
	at com.tcloudsoft.auth.provider.config.LogScheduled.deletedLog(LogScheduled.java:35)
	at sun.reflect.NativeMethodAccessorImpl.invoke0(Native Method)
	at sun.reflect.NativeMethodAccessorImpl.invoke(NativeMethodAccessorImpl.java:62)
	at sun.reflect.DelegatingMethodAccessorImpl.invoke(DelegatingMethodAccessorImpl.java:43)
	at java.lang.reflect.Method.invoke(Method.java:498)
	at org.springframework.scheduling.support.ScheduledMethodRunnable.run(ScheduledMethodRunnable.java:84)
	at org.springframework.scheduling.support.DelegatingErrorHandlingRunnable.run(DelegatingErrorHandlingRunnable.java:54)
	at org.springframework.scheduling.concurrent.ReschedulingRunnable.run(ReschedulingRunnable.java:93)
	at java.util.concurrent.Executors$RunnableAdapter.call(Executors.java:511)
	at java.util.concurrent.FutureTask.run$$$capture(FutureTask.java:266)
	at java.util.concurrent.FutureTask.run(FutureTask.java)
	at java.util.concurrent.ScheduledThreadPoolExecutor$ScheduledFutureTask.access$201(ScheduledThreadPoolExecutor.java:180)
	at java.util.concurrent.ScheduledThreadPoolExecutor$ScheduledFutureTask.run(ScheduledThreadPoolExecutor.java:293)
	at java.util.concurrent.ThreadPoolExecutor.runWorker(ThreadPoolExecutor.java:1149)
	at java.util.concurrent.ThreadPoolExecutor$Worker.run(ThreadPoolExecutor.java:624)
	at java.lang.Thread.run(Thread.java:748)
Caused by: java.sql.SQLSyntaxErrorException: Table 'epidemic.t_log' doesn't exist
	at com.mysql.cj.jdbc.exceptions.SQLError.createSQLException(SQLError.java:120)
	at com.mysql.cj.jdbc.exceptions.SQLError.createSQLException(SQLError.java:97)
	at com.mysql.cj.jdbc.exceptions.SQLExceptionsMapping.translateException(SQLExceptionsMapping.java:122)
	at com.mysql.cj.jdbc.ClientPreparedStatement.executeInternal(ClientPreparedStatement.java:953)
	at com.mysql.cj.jdbc.ClientPreparedStatement.execute(ClientPreparedStatement.java:370)
	at com.alibaba.druid.filter.FilterChainImpl.preparedStatement_execute(FilterChainImpl.java:3051)
	at com.alibaba.druid.filter.FilterEventAdapter.preparedStatement_execute(FilterEventAdapter.java:440)
	at com.alibaba.druid.filter.FilterChainImpl.preparedStatement_execute(FilterChainImpl.java:3049)
	at com.alibaba.druid.proxy.jdbc.PreparedStatementProxyImpl.execute(PreparedStatementProxyImpl.java:167)
	at com.alibaba.druid.pool.DruidPooledPreparedStatement.execute(DruidPooledPreparedStatement.java:498)
	at org.apache.ibatis.executor.statement.PreparedStatementHandler.query(PreparedStatementHandler.java:64)
	at org.apache.ibatis.executor.statement.RoutingStatementHandler.query(RoutingStatementHandler.java:79)
	at sun.reflect.NativeMethodAccessorImpl.invoke0(Native Method)
	at sun.reflect.NativeMethodAccessorImpl.invoke(NativeMethodAccessorImpl.java:62)
	at sun.reflect.DelegatingMethodAccessorImpl.invoke(DelegatingMethodAccessorImpl.java:43)
	at java.lang.reflect.Method.invoke(Method.java:498)
	at org.apache.ibatis.plugin.Plugin.invoke(Plugin.java:63)
	at com.sun.proxy.$Proxy301.query(Unknown Source)
	at com.baomidou.mybatisplus.core.executor.MybatisSimpleExecutor.doQuery(MybatisSimpleExecutor.java:67)
	at org.apache.ibatis.executor.BaseExecutor.queryFromDatabase(BaseExecutor.java:324)
	at org.apache.ibatis.executor.BaseExecutor.query(BaseExecutor.java:156)
	at org.apache.ibatis.executor.CachingExecutor.query(CachingExecutor.java:109)
	at org.apache.ibatis.executor.CachingExecutor.query(CachingExecutor.java:83)
	at org.apache.ibatis.session.defaults.DefaultSqlSession.selectList(DefaultSqlSession.java:147)
	at org.apache.ibatis.session.defaults.DefaultSqlSession.selectList(DefaultSqlSession.java:140)
	at sun.reflect.NativeMethodAccessorImpl.invoke0(Native Method)
	at sun.reflect.NativeMethodAccessorImpl.invoke(NativeMethodAccessorImpl.java:62)
	at sun.reflect.DelegatingMethodAccessorImpl.invoke(DelegatingMethodAccessorImpl.java:43)
	at java.lang.reflect.Method.invoke(Method.java:498)
	at org.mybatis.spring.SqlSessionTemplate$SqlSessionInterceptor.invoke(SqlSessionTemplate.java:426)
	... 27 common frames omitted
===2021-12-22 23:59:04.231 INFO  com.netflix.eureka.registry.AbstractInstanceRegistry Line:1247 - Running the evict task with compensationTime 0ms
===2021-12-22 23:59:09.232 INFO  com.netflix.eureka.registry.AbstractInstanceRegistry Line:1247 - Running the evict task with compensationTime 0ms
===2021-12-22 23:59:14.232 INFO  com.netflix.eureka.registry.AbstractInstanceRegistry Line:1247 - Running the evict task with compensationTime 0ms
===2021-12-22 23:59:19.232 INFO  com.netflix.eureka.registry.AbstractInstanceRegistry Line:1247 - Running the evict task with compensationTime 0ms
===2021-12-22 23:59:24.237 INFO  com.netflix.eureka.registry.AbstractInstanceRegistry Line:1247 - Running the evict task with compensationTime 5ms
===2021-12-22 23:59:29.237 INFO  com.netflix.eureka.registry.AbstractInstanceRegistry Line:1247 - Running the evict task with compensationTime 0ms
===2021-12-22 23:59:34.238 INFO  com.netflix.eureka.registry.AbstractInstanceRegistry Line:1247 - Running the evict task with compensationTime 0ms
===2021-12-22 23:59:39.239 INFO  com.netflix.eureka.registry.AbstractInstanceRegistry Line:1247 - Running the evict task with compensationTime 0ms
===2021-12-22 23:59:44.239 INFO  com.netflix.eureka.registry.AbstractInstanceRegistry Line:1247 - Running the evict task with compensationTime 0ms
===2021-12-22 23:59:49.239 INFO  com.netflix.eureka.registry.AbstractInstanceRegistry Line:1247 - Running the evict task with compensationTime 0ms
===2021-12-22 23:59:54.240 INFO  com.netflix.eureka.registry.AbstractInstanceRegistry Line:1247 - Running the evict task with compensationTime 0ms
===2021-12-22 23:59:59.241 INFO  com.netflix.eureka.registry.AbstractInstanceRegistry Line:1247 - Running the evict task with compensationTime 0ms
